<?xml version="1.0" encoding="UTF-8"?>
<!-- Generated by org.testng.reporters.JUnitXMLReporter -->
<testsuite ignored="0" hostname="DESKTOP-CALU88G" failures="0" tests="4" name="CreditLoans" time="0.272" errors="0" timestamp="2020-09-07T09:35:25 EDT">
  <testcase classname="lesson17.CreditTest" name="creditTest1" time="0.035"/>
  <testcase classname="lesson17.CreditTest" name="creditTest2" time="0.003"/>
  <testcase classname="lesson17.CreditTest" name="loanTest1" time="0.013"/>
  <testcase classname="lesson17.CreditTest" name="loanTest2" time="0.008"/>
</testsuite> <!-- CreditLoans -->
