<?xml version="1.0" encoding="UTF-8"?>
<!-- Generated by org.testng.reporters.JUnitXMLReporter -->
<testsuite ignored="0" hostname="DESKTOP-CALU88G" failures="1" tests="8" name="Marketing" time="0.456" errors="0" timestamp="2020-09-07T09:35:26 EDT">
  <testcase classname="lesson16.TestNGClass" name="testA" time="0.014"/>
  <testcase classname="lesson16.TestNGClass" name="testB" time="0.219">
    <failure type="java.lang.AssertionError" message="expected [true] but found [false]">
      <![CDATA[java.lang.AssertionError: expected [true] but found [false]
at lesson16.TestNGClass.testB(TestNGClass.java:17)
at java.base/java.util.ArrayList.forEach(ArrayList.java:1540)
... Removed 31 stack frames]]>
    </failure>
  </testcase> <!-- testB -->
  <testcase classname="lesson16.TestNGClass" name="testC" time="0.015"/>
  <testcase classname="lesson16.TestNGClass" name="testD" time="0.011"/>
  <testcase classname="lesson17.SalesTest" name="testSales1" time="0.005"/>
  <testcase classname="lesson17.SalesTest" name="testSales2" time="0.005"/>
  <testcase classname="lesson17.SalesTest" name="testSales3" time="0.003"/>
  <testcase classname="lesson17.SalesTest" name="testSales4" time="0.004"/>
</testsuite> <!-- Marketing -->
