<?xml version="1.0" encoding="UTF-8"?>
<!-- Generated by org.testng.reporters.JUnitXMLReporter -->
<testsuite ignored="9" hostname="DESKTOP-CALU88G" failures="1" tests="3" name="Smoke" time="0.721" errors="0" timestamp="2020-09-07T10:46:01 EDT">
  <testcase classname="lesson16.TestNGClass" name="testB" time="0.047">
    <failure type="java.lang.AssertionError" message="expected [true] but found [false]">
      <![CDATA[java.lang.AssertionError: expected [true] but found [false]
at lesson16.TestNGClass.testB(TestNGClass.java:17)
at java.base/java.util.ArrayList.forEach(ArrayList.java:1540)
... Removed 31 stack frames]]>
    </failure>
  </testcase> <!-- testB -->
  <testcase classname="lesson16.TestNGClass" name="testD" time="0.014"/>
  <testcase classname="lesson17.SalesTest" name="testSales1" time="0.015"/>
  <testcase classname="lesson17.CreditTest" name="loanTest2" time="0.0">
    <ignored/>
  </testcase> <!-- loanTest2 -->
  <testcase classname="lesson17.SalesTest" name="testSales4" time="0.0">
    <ignored/>
  </testcase> <!-- testSales4 -->
  <testcase classname="lesson16.TestNGClass" name="testC" time="0.0">
    <ignored/>
  </testcase> <!-- testC -->
  <testcase classname="lesson17.SalesTest" name="testSales2" time="0.0">
    <ignored/>
  </testcase> <!-- testSales2 -->
  <testcase classname="lesson17.SalesTest" name="testSales3" time="0.0">
    <ignored/>
  </testcase> <!-- testSales3 -->
  <testcase classname="lesson16.TestNGClass" name="testA" time="0.0">
    <ignored/>
  </testcase> <!-- testA -->
  <testcase classname="lesson17.CreditTest" name="creditTest2" time="0.0">
    <ignored/>
  </testcase> <!-- creditTest2 -->
  <testcase classname="lesson17.CreditTest" name="loanTest1" time="0.0">
    <ignored/>
  </testcase> <!-- loanTest1 -->
  <testcase classname="lesson17.CreditTest" name="creditTest1" time="0.0">
    <ignored/>
  </testcase> <!-- creditTest1 -->
</testsuite> <!-- Smoke -->
