<?xml version="1.0" encoding="UTF-8"?>
<!-- Generated by org.testng.reporters.JUnitXMLReporter -->
<testsuite ignored="0" hostname="DESKTOP-CALU88G" failures="0" tests="3" name="Test1" time="0.424" errors="0" timestamp="2020-09-08T23:12:48 EDT">
  <testcase classname="lesson18.ParametersClass" name="testLogin" time="0.053"/>
  <testcase classname="lesson18.ParametersClass" name="testLogin2" time="0.006"/>
  <testcase classname="lesson18.ParametersClass" name="testLogin3" time="0.036"/>
</testsuite> <!-- Test1 -->
