<?xml version="1.0" encoding="UTF-8"?>
<!-- Generated by org.testng.reporters.JUnitXMLReporter -->
<testsuite ignored="0" hostname="DESKTOP-CALU88G" failures="2" tests="12" name="Test3" time="1.048" errors="0" timestamp="2020-09-09T17:17:01 EDT">
  <testcase classname="lesson17.CreditTest" name="creditTest1" time="0.036"/>
  <testcase classname="lesson17.CreditTest" name="creditTest2" time="0.003"/>
  <testcase classname="lesson17.CreditTest" name="loanTest1" time="0.028"/>
  <testcase classname="lesson17.CreditTest" name="loanTest2" time="0.044"/>
  <testcase classname="lesson16.TestNGClass" name="testA" time="0.002"/>
  <testcase classname="lesson16.TestNGClass" name="testB" time="0.008">
    <failure type="java.lang.AssertionError" message="expected [true] but found [false]">
      <![CDATA[java.lang.AssertionError: expected [true] but found [false]
at lesson16.TestNGClass.testB(TestNGClass.java:17)
at java.base/java.util.ArrayList.forEach(ArrayList.java:1540)
at java.base/java.util.concurrent.FutureTask.run(FutureTask.java:264)
at java.base/java.util.concurrent.ThreadPoolExecutor.runWorker(ThreadPoolExecutor.java:1128)
at java.base/java.util.concurrent.ThreadPoolExecutor$Worker.run(ThreadPoolExecutor.java:628)
at java.base/java.lang.Thread.run(Thread.java:834)
... Removed 22 stack frames]]>
    </failure>
  </testcase> <!-- testB -->
  <testcase classname="lesson16.TestNGClass" name="testC" time="0.004"/>
  <testcase classname="lesson16.TestNGClass" name="testD" time="0.009"/>
  <testcase classname="lesson17.SalesTest" name="testSales1" time="0.004"/>
  <testcase classname="lesson17.SalesTest" name="testSales4" time="0.002">
    <failure type="java.lang.AssertionError" message="expected [true] but found [false]">
      <![CDATA[java.lang.AssertionError: expected [true] but found [false]
at lesson17.SalesTest.testSales4(SalesTest.java:29)
at java.base/java.util.ArrayList.forEach(ArrayList.java:1540)
at java.base/java.util.concurrent.FutureTask.run(FutureTask.java:264)
at java.base/java.util.concurrent.ThreadPoolExecutor.runWorker(ThreadPoolExecutor.java:1128)
at java.base/java.util.concurrent.ThreadPoolExecutor$Worker.run(ThreadPoolExecutor.java:628)
at java.base/java.lang.Thread.run(Thread.java:834)
... Removed 22 stack frames]]>
    </failure>
  </testcase> <!-- testSales4 -->
  <testcase classname="lesson17.SalesTest" name="testSales2" time="0.002"/>
  <testcase classname="lesson17.SalesTest" name="testSales3" time="0.0">
    <skipped/>
  </testcase> <!-- testSales3 -->
</testsuite> <!-- Test3 -->
