<?xml version="1.0" encoding="UTF-8"?>
<testng-results ignored="0" total="1" passed="1" failed="0" skipped="0">
  <reporter-output>
  </reporter-output>
  <suite started-at="2020-09-30T19:51:29 EDT" name="Default suite" finished-at="2020-09-30T19:52:12 EDT" duration-ms="43654">
    <groups>
    </groups>
    <test started-at="2020-09-30T19:51:29 EDT" name="Default test" finished-at="2020-09-30T19:52:12 EDT" duration-ms="43654">
      <class name="lesson20.childWindow">
        <test-method signature="childWindows()[pri:0, instance:lesson20.childWindow@31f9b85e]" started-at="2020-09-30T19:51:29 EDT" name="childWindows" finished-at="2020-09-30T19:52:12 EDT" duration-ms="43421" status="PASS">
          <reporter-output>
          </reporter-output>
        </test-method> <!-- childWindows -->
      </class> <!-- lesson20.childWindow -->
    </test> <!-- Default test -->
  </suite> <!-- Default suite -->
</testng-results>
